<?xml version="1.0" encoding="UTF-8"?>
<!-- Generated by org.testng.reporters.JUnitReportReporter -->
<testsuite hostname="DESKTOP-01SO12T" failures="0" tests="1" name="runnwe.BrokenLink" time="0.019" errors="0" timestamp="2023-08-04T17:55:07 IST" skipped="0">
  <testcase classname="runnwe.BrokenLink" name="revString" time="0.019"/>
  <system-out/>
</testsuite> <!-- runnwe.BrokenLink -->
